#
# A fatal error has been detected by the Java Runtime Environment:
#
#  EXCEPTION_ACCESS_VIOLATION (0xc0000005) at pc=0x00007ffb6c1f0eca, pid=17576, tid=2780
#
# JRE version: OpenJDK Runtime Environment (18.0.2.1+1) (build 18.0.2.1+1-1)
# Java VM: OpenJDK 64-Bit Server VM (18.0.2.1+1-1, mixed mode, sharing, tiered, compressed oops, compressed class ptrs, g1 gc, windows-amd64)
# Problematic frame:
# V  [jvm.dll+0x760eca]
#
# No core dump will be written. Minidumps are not enabled by default on client versions of Windows
#
# If you would like to submit a bug report, please visit:
#   https://bugreport.java.com/bugreport/crash.jsp
#

---------------  S U M M A R Y ------------

Command Line: -XX:+ShowCodeDetailsInExceptionMessages -agentlib:jdwp=transport=dt_socket,suspend=y,address=localhost:64382 -javaagent:C:\dev\Java\eclipse-2022.06\configuration\org.eclipse.osgi\407\0\.cp\lib\javaagent-shaded.jar -Dfile.encoding=UTF-8 be.jossart.windows.Home

Host: Intel(R) Core(TM) i5-9300H CPU @ 2.40GHz, 8 cores, 15G,  Windows 10 , 64 bit Build 19041 (10.0.19041.3155)
Time: Sat Aug 12 14:50:30 2023 Paris, Madrid (heure duild 19041 (10.0.19041.3155) elapsed time: 265.174037 seconds (0d 0h 4m 25s)

---------------  T H R E A D  ---------------

Current thread (0x00000218b2722020):  JavaThread "JDWP Transport Listener: dt_socket" daemon [_thread_in_vm, id=2780, stack(0x000000bdca000000,0x000000bdca100000)]

Stack: [0x000000bdca000000,0x000000bdca100000],  sp=0x000000bdca0ff1d0,  free space=1020k
Native frames: (J=compiled Java code, j=interpreted, Vv=VM code, C=native code)
V  [jvm.dll+0x760eca]
V  [jvm.dll+0x52c54c]
V  [jvm.dll+0x4f3d5b]
C  [jdwp.dll+0x230a7]


siginfo: EXCEPTION_ACCESS_VIOLATION (0xc0000005), reading address 0x00000000005a005d


Register to memory mapping:

RIP=0x00007ffb6c1f0eca jvm.dll
RAX=0x00000000000000e7 is an unknown value
RBX=0x00000218b25584b1 points into unknown readable memory: 79 4c 69 73 74 3c 4c
RCX=0x00000000005a0059 is an unknown value
RDX=0x00000218ba0ca870 points into unknown readable memory: 0x73736f6a2f65624c | 4c 62 65 2f 6a 6f 73 73
RSP=0x000000bdca0ff1d0 is pointing into the stack for thread: 0x00000218b2722020
RBP=0x00000218b27109d0 points into unknown readable memory: 0x0043005000000002 | 02 00 00 00 50 00 43 00
RSI=0x0 is NULL
RDI=0xffffffffffffffff is an unknown value
R8 =0x0000000000000005 is an unknown value
R9 =0x0000000000000013 is an unknown value
R10=0x0 is NULL
R11=0x000000bdca0ff1f0 is pointing into the stack for thread: 0x00000218b2722020
R12=0x000000bdca0ff328 is pointing into the stack for thread: 0x00000218b2722020
R13=0x0 is NULL
R14=0x0000000800dbc690 is a pointer to class: 
be.jossart.dao.CopyDAO {0x0000000800dbc698}
 - instance size:     2
 - klass size:        72
 - access:            public synchronized 
 - state:             fully_initialized
 - name:              'be/jossart/dao/CopyDAO'
 - super:             'be/jossart/dao/DAO'
 - sub:               
 - arrays:            NULL
 - methods:           Array<T>(0x00000218aee619a0)
 - method ordering:   Array<T>(0x00000218af529950)
 - default_methods:   Array<T>(0x0000000000000000)
 - local interfaces:  Array<T>(0x00000008005bcc40)
 - trans. interfaces: Array<T>(0x00000008005bcc40)
 - constants:         constant pool [238] {0x00000218af529a80} for 'be/jossart/dao/CopyDAO' cache=0x00000218af52a230
 - class loader data:  loader data: 0x00000218aba3fcf0 for instance a 'jdk/internal/loader/ClassLoaders$AppClassLoader'{0x0000000701e00310}
 - source file:       'CopyDAO.java'
 - source debug extension:       SMAP
CopyDAO.java
Java
*S jdt
*F
1 CopyDAO.java
2 file:/C:/Users/Nico/git/ProjectJava2023/NicoJossartProjectJavaAout2023/bin/
*L
*E

 - class annotations:       Array<T>(0x0000000000000000)
 - class type annotations:  Array<T>(0x0000000000000000)
 - field annotations:       Array<T>(0x0000000000000000)
 - field type annotations:  Array<T>(0x0000000000000000)
 - previous version:  constant pool [236] {0x00000218af50d6a0} for 'be/jossart/dao/CopyDAO' (extra) cache=0x00000218af51f418
 - generic signature: '
[error occurred during error reporting (printing register info), id 0xc0000005, EXCEPTION_ACCESS_VIOLATION (0xc0000005) at pc=0x00007ffb6c1f1ad6]

Registers:
RAX=0x00000000000000e7, RBX=0x00000218b25584b1, RCX=0x00000000005a0059, RDX=0x00000218ba0ca870
RSP=0x000000bdca0ff1d0, RBP=0x00000218b27109d0, RSI=0x0000000000000000, RDI=0xffffffffffffffff
R8 =0x0000000000000005, R9 =0x0000000000000013, R10=0x0000000000000000, R11=0x000000bdca0ff1f0
R12=0x000000bdca0ff328, R13=0x0000000000000000, R14=0x0000000800dbc690, R15=0x000000bdca0ff378
RIP=0x00007ffb6c1f0eca, EFLAGS=0x0000000000010202

Top of Stack: (sp=0x000000bdca0ff1d0)
0x000000bdca0ff1d0:   0000000000000016 0000000800dbc690
0x000000bdca0ff1e0:   00000218b2722020 0000000000000000
0x000000bdca0ff1f0:   ffffffffffffffff 00007ffb6bfbc54c
0x000000bdca0ff200:   00000218b25584b1 00000218b27109d0
0x000000bdca0ff210:   0000000000000000 00000218b27222b0
0x000000bdca0ff220:   00000218b2558470 00000000000003d8
0x000000bdca0ff230:   00000218b2558480 00000218b2558858
0x000000bdca0ff240:   0000000000000002 000000bdca0ff328
0x000000bdca0ff250:   0000000000000000 0000000000000000
0x000000bdca0ff260:   000000070fc71e78 00007ffb6bf83d5b
0x000000bdca0ff270:   00000218b2722020 000000bdca0ff378
0x000000bdca0ff280:   000002188952eae0 000000bdca0ff378
0x000000bdca0ff290:   00000218b2722020 0000000000000000
0x000000bdca0ff2a0:   0000021800000000 0000000000000000
0x000000bdca0ff2b0:   000000000000000d 00007ffbf6c730a7
0x000000bdca0ff2c0:   000000bdca0ff370 00007ffbf6c81718 

Instructions: (pc=0x00007ffb6c1f0eca)
0x00007ffb6c1f0dca:   48 8b f8 48 85 db 74 08 48 8b cb e8 16 ad f0 ff
0x00007ffb6c1f0dda:   48 8b 5c 24 30 48 8b c7 48 83 c4 20 5f c3 8d 42
0x00007ffb6c1f0dea:   06 83 ff 02 b9 08 00 00 00 0f 4e c1 45 33 c0 48
0x00007ffb6c1f0dfa:   63 c8 48 83 c1 07 83 e1 f8 48 63 c9 41 8d 50 0b
0x00007ffb6c1f0e0a:   48 83 c4 20 5f e9 1c 23 95 ff cc cc cc cc cc cc
0x00007ffb6c1f0e1a:   cc cc cc cc cc cc 83 fa 02 8d 42 06 b9 08 00 00
0x00007ffb6c1f0e2a:   00 4d 8b c8 0f 4e c1 48 63 c8 49 8b 40 18 48 83
0x00007ffb6c1f0e3a:   c1 07 83 e1 f8 48 63 d1 49 8b 48 20 48 2b c8 48
0x00007ffb6c1f0e4a:   3b ca 72 09 48 8d 0c 10 49 89 48 18 c3 45 33 c0
0x00007ffb6c1f0e5a:   49 8b c9 e9 fe 80 95 ff cc cc cc cc cc cc cc cc
0x00007ffb6c1f0e6a:   cc cc cc cc cc cc 4c 8b d2 4c 8b d9 45 85 c0 7e
0x00007ffb6c1f0e7a:   3c 44 0f b7 49 04 41 8d 40 ff 41 3b c1 44 0f 4c
0x00007ffb6c1f0e8a:   c8 4d 63 c1 45 85 c9 7e 1f 48 8b c2 4c 2b da 49
0x00007ffb6c1f0e9a:   8b d0 0f 1f 40 00 41 0f b6 4c 03 06 88 08 48 8d
0x00007ffb6c1f0eaa:   40 01 48 83 ea 01 75 ee 43 c6 04 10 00 49 8b c2
0x00007ffb6c1f0eba:   c3 cc cc cc cc cc 48 89 5c 24 08 57 48 83 ec 20
0x00007ffb6c1f0eca:   0f b7 59 04 48 8b f9 33 d2 48 8d 4b 01 e8 14 d4
0x00007ffb6c1f0eda:   f8 ff 0f b7 57 04 4c 8b c0 3b da 0f 42 d3 44 8b
0x00007ffb6c1f0eea:   ca 85 d2 74 39 48 2b f8 0f 1f 40 00 66 66 0f 1f
0x00007ffb6c1f0efa:   84 00 00 00 00 00 0f b6 4c 07 06 88 08 48 ff c0
0x00007ffb6c1f0f0a:   48 8b c8 49 2b c8 49 3b c9 7c eb 42 c6 04 02 00
0x00007ffb6c1f0f1a:   49 8b c0 48 8b 5c 24 30 48 83 c4 20 5f c3 48 8b
0x00007ffb6c1f0f2a:   5c 24 30 c6 04 02 00 48 83 c4 20 5f c3 cc cc cc
0x00007ffb6c1f0f3a:   cc cc cc cc cc cc 4c 8b d1 45 85 c0 7e 6c 44 0f
0x00007ffb6c1f0f4a:   b7 49 04 41 8d 40 ff 41 3b c1 44 0f 4c c8 4d 63
0x00007ffb6c1f0f5a:   d9 45 85 c9 7e 22 48 8b ca 4c 2b d2 4d 8b c3 0f
0x00007ffb6c1f0f6a:   1f 80 00 00 00 00 41 0f b6 44 0a 06 88 01 48 8d
0x00007ffb6c1f0f7a:   49 01 49 83 e8 01 75 ee 41 c6 04 13 00 48 c7 c0
0x00007ffb6c1f0f8a:   ff ff ff ff 66 90 48 ff c0 80 3c 02 00 75 f7 48
0x00007ffb6c1f0f9a:   63 c8 85 c0 48 8b c2 7e 14 80 38 2f 75 03 c6 00
0x00007ffb6c1f0faa:   2e 48 ff c0 48 83 e9 01 75 ef 48 8b c2 c3 cc cc
0x00007ffb6c1f0fba:   cc cc cc cc cc cc 48 83 ec 28 e8 f7 fe ff ff 4c 


Stack slot to memory mapping:
stack at sp + 0 slots: 0x0000000000000016 is an unknown value
stack at sp + 1 slots: 0x0000000800dbc690 is a pointer to class: 
be.jossart.dao.CopyDAO {0x0000000800dbc698}
 - instance size:     2
 - klass size:        72
 - access:            public synchronized 
 - state:             fully_initialized
 - name:              'be/jossart/dao/CopyDAO'
 - super:             'be/jossart/dao/DAO'
 - sub:               
 - arrays:            NULL
 - methods:           Array<T>(0x00000218aee619a0)
 - method ordering:   Array<T>(0x00000218af529950)
 - default_methods:   Array<T>(0x0000000000000000)
 - local interfaces:  Array<T>(0x00000008005bcc40)
 - trans. interfaces: Array<T>(0x00000008005bcc40)
 - constants:         constant pool [238] {0x00000218af529a80} for 'be/jossart/dao/CopyDAO' cache=0x00000218af52a230
 - class loader data:  loader data: 0x00000218aba3fcf0 for instance a 'jdk/internal/loader/ClassLoaders$AppClassLoader'{0x0000000701e00310}
 - source file:       'CopyDAO.java'
 - source debug extension:       SMAP
CopyDAO.java
Java
*S jdt
*F
1 CopyDAO.java
2 file:/C:/Users/Nico/git/ProjectJava2023/NicoJossartProjectJavaAout2023/bin/
*L
*E

 - class annotations:       Array<T>(0x0000000000000000)
 - class type annotations:  Array<T>(0x0000000000000000)
 - field annotations:       Array<T>(0x0000000000000000)
 - field type annotations:  Array<T>(0x0000000000000000)
 - previous version:  constant pool [236] {0x00000218af50d6a0} for 'be/jossart/dao/CopyDAO' (extra) cache=0x00000218af51f418
 - generic signature: '
[error occurred during error reporting (inspecting top of stack), id 0xc0000005, EXCEPTION_ACCESS_VIOLATION (0xc0000005) at pc=0x00007ffb6c1f1ad6]


---------------  P R O C E S S  ---------------

Threads class SMR info:
_java_thread_list=0x00000218ba4eb570, length=22, elements={
0x00000218aba23aa0, 0x00000218aba24d60, 0x00000218aba41d00, 0x00000218aba435c0,
0x00000218aba43fb0, 0x00000218aba4f170, 0x00000218aba74250, 0x00000218aba74890,
0x00000218aba4f770, 0x00000218aba11e50, 0x00000218b2722020, 0x00000218b26fec40,
0x00000218b268e7c0, 0x00000218b292e860, 0x00000218b2e4ad50, 0x00000218b2e4b210,
0x00000218b2dd9360, 0x00000218b2dd4cf0, 0x000002188b508d90, 0x00000218b33e95d0,
0x00000218b345bde0, 0x00000218b345aaa0
}

Java Threads: ( => current thread )
  0x00000218aba23aa0 JavaThread "Reference Handler" daemon [_thread_blocked, id=11936, stack(0x000000bdc9600000,0x000000bdc9700000)]
  0x00000218aba24d60 JavaThread "Finalizer" daemon [_thread_blocked, id=9352, stack(0x000000bdc9700000,0x000000bdc9800000)]
  0x00000218aba41d00 JavaThread "Signal Dispatcher" daemon [_thread_blocked, id=14504, stack(0x000000bdc9800000,0x000000bdc9900000)]
  0x00000218aba435c0 JavaThread "Attach Listener" daemon [_thread_blocked, id=292, stack(0x000000bdc9900000,0x000000bdc9a00000)]
  0x00000218aba43fb0 JavaThread "Service Thread" daemon [_thread_blocked, id=12752, stack(0x000000bdc9a00000,0x000000bdc9b00000)]
  0x00000218aba4f170 JavaThread "Monitor Deflation Thread" daemon [_thread_blocked, id=16784, stack(0x000000bdc9b00000,0x000000bdc9c00000)]
  0x00000218aba74250 JavaThread "C2 CompilerThread0" daemon [_thread_blocked, id=1760, stack(0x000000bdc9c00000,0x000000bdc9d00000)]
  0x00000218aba74890 JavaThread "C1 CompilerThread0" daemon [_thread_blocked, id=16388, stack(0x000000bdc9d00000,0x000000bdc9e00000)]
  0x00000218aba4f770 JavaThread "Sweeper thread" daemon [_thread_blocked, id=20120, stack(0x000000bdc9e00000,0x000000bdc9f00000)]
  0x00000218aba11e50 JavaThread "Common-Cleaner" daemon [_thread_blocked, id=13276, stack(0x000000bdc9f00000,0x000000bdca000000)]
=>0x00000218b2722020 JavaThread "JDWP Transport Listener: dt_socket" daemon [_thread_in_vm, id=2780, stack(0x000000bdca000000,0x000000bdca100000)]
  0x00000218b26fec40 JavaThread "JDWP Event Helper Thread" daemon [_thread_blocked, id=17420, stack(0x000000bdca100000,0x000000bdca200000)]
  0x00000218b268e7c0 JavaThread "JDWP Command Reader" daemon [_thread_in_native, id=2816, stack(0x000000bdca200000,0x000000bdca300000)]
  0x00000218b292e860 JavaThread "Notification Thread" daemon [_thread_blocked, id=18380, stack(0x000000bdca400000,0x000000bdca500000)]
  0x00000218b2e4ad50 JavaThread "Java2D Disposer" daemon [_thread_blocked, id=20100, stack(0x000000bdca600000,0x000000bdca700000)]
  0x00000218b2e4b210 JavaThread "AWT-Shutdown" [_thread_blocked, id=12980, stack(0x000000bdca700000,0x000000bdca800000)]
  0x00000218b2dd9360 JavaThread "AWT-Windows" daemon [_thread_in_native, id=9232, stack(0x000000bdca800000,0x000000bdca900000)]
  0x00000218b2dd4cf0 JavaThread "AWT-EventQueue-0" [_thread_blocked, id=10760, stack(0x000000bdca900000,0x000000bdcaa00000)]
  0x000002188b508d90 JavaThread "DestroyJavaVM" [_thread_blocked, id=18148, stack(0x000000bdc8f00000,0x000000bdc9000000)]
  0x00000218b33e95d0 JavaThread "D3D Screen Updater" daemon [_thread_blocked, id=1236, stack(0x000000bdca300000,0x000000bdca400000)]
  0x00000218b345bde0 JavaThread "TimerQueue" daemon [_thread_blocked, id=10092, stack(0x000000bdcaf00000,0x000000bdcb000000)]
  0x00000218b345aaa0 JavaThread "MemoryTimer-DBNicoJossartJava.accdb" daemon [_thread_blocked, id=10192, stack(0x000000bdcb000000,0x000000bdcb100000)]

Other Threads:
  0x00000218aba21ba0 VMThread "VM Thread" [stack: 0x000000bdc9500000,0x000000bdc9600000] [id=16092]
  0x00000218b292ed20 WatcherThread "VM Periodic Task Thread" [stack: 0x000000bdca500000,0x000000bdca600000] [id=19484]
  0x000002188b579fa0 WorkerThread "GC Thread#0" [stack: 0x000000bdc9000000,0x000000bdc9100000] [id=20352]
  0x00000218b25f1990 WorkerThread "GC Thread#1" [stack: 0x000000bdcb100000,0x000000bdcb200000] [id=19680]
  0x00000218b25f1c30 WorkerThread "GC Thread#2" [stack: 0x000000bdcb200000,0x000000bdcb300000] [id=14328]
  0x00000218b25f1ed0 WorkerThread "GC Thread#3" [stack: 0x000000bdcb300000,0x000000bdcb400000] [id=6600]
  0x00000218b25f2170 WorkerThread "GC Thread#4" [stack: 0x000000bdcb400000,0x000000bdcb500000] [id=9080]
  0x00000218b25f0af0 WorkerThread "GC Thread#5" [stack: 0x000000bdcb500000,0x000000bdcb600000] [id=18064]
  0x00000218ba226870 WorkerThread "GC Thread#6" [stack: 0x000000bdcb600000,0x000000bdcb700000] [id=3544]
  0x00000218ba493b10 WorkerThread "GC Thread#7" [stack: 0x000000bdcb700000,0x000000bdcb800000] [id=1828]
  0x000002188b5ca010 ConcurrentGCThread "G1 Main Marker" [stack: 0x000000bdc9100000,0x000000bdc9200000] [id=1068]
  0x000002188b5caa00 WorkerThread "G1 Conc#0" [stack: 0x000000bdc9200000,0x000000bdc9300000] [id=14120]
  0x00000218ab8df740 ConcurrentGCThread "G1 Refine#0" [stack: 0x000000bdc9300000,0x000000bdc9400000] [id=3260]
  0x00000218ab8e0f70 ConcurrentGCThread "G1 Service" [stack: 0x000000bdc9400000,0x000000bdc9500000] [id=12224]

Threads with active compile tasks:

VM state: not at safepoint (normal execution)

VM Mutex/Monitor currently owned by a thread: None

Heap address: 0x0000000701e00000, size: 4066 MB, Compressed Oops mode: Zero based, Oop shift amount: 3

CDS archive(s) mapped at: [0x0000000800000000-0x0000000800ba0000-0x0000000800ba0000), size 12189696, SharedBaseAddress: 0x0000000800000000, ArchiveRelocationMode: 0.
Compressed class space mapped at: 0x0000000800c00000-0x0000000840c00000, reserved size: 1073741824
Narrow klass base: 0x0000000800000000, Narrow klass shift: 0, Narrow klass range: 0x100000000

GC Precious Log:
 CardTable entry size: 512
 Card Set container configuration: InlinePtr #cards 4 size 8 Array Of Cards #cards 16 size 48 Howl #buckets 8 coarsen threshold 3686 Howl Bitmap #cards 512 size 80 coarsen threshold 460 Card regions per heap region 1 cards per card region 4096
 CPUs: 8 total, 8 available
 Memory: 16262M
 Large Page Support: Disabled
 NUMA Support: Disabled
 Compressed Oops: Enabled (Zero based)
 Heap Region Size: 2M
 Heap Min Capacity: 8M
 Heap Initial Capacity: 256M
 Heap Max Capacity: 4066M
 Pre-touch: Disabled
 Parallel Workers: 8
 Concurrent Workers: 2
 Concurrent Refinement Workers: 8
 Periodic GC: Disabled

Heap:
 garbage-first heap   total 262144K, used 40171K [0x0000000701e00000, 0x0000000800000000)
  region size 2048K, 19 young (38912K), 1 survivors (2048K)
 Metaspace       used 19677K, committed 19904K, reserved 1114112K
  class space    used 1857K, committed 1984K, reserved 1048576K

Heap Regions: E=young(eden), S=young(survivor), O=old, HS=humongous(starts), HC=humongous(continues), CS=collection set, F=free, OA=open archive, CA=closed archive, TAMS=top-at-mark-start (previous, next)
|   0|0x0000000701e00000, 0x0000000702000000, 0x0000000702000000|100%| O|  |TAMS 0x0000000701e00000, 0x0000000701e00000| Untracked 
|   1|0x0000000702000000, 0x0000000702194c00, 0x0000000702200000| 79%| O|  |TAMS 0x0000000702000000, 0x0000000702000000| Untracked 
|   2|0x0000000702200000, 0x0000000702200000, 0x0000000702400000|  0%| F|  |TAMS 0x0000000702200000, 0x0000000702200000| Untracked 
|   3|0x0000000702400000, 0x0000000702400000, 0x0000000702600000|  0%| F|  |TAMS 0x0000000702400000, 0x0000000702400000| Untracked 
|   4|0x0000000702600000, 0x0000000702600000, 0x0000000702800000|  0%| F|  |TAMS 0x0000000702600000, 0x0000000702600000| Untracked 
|   5|0x0000000702800000, 0x0000000702800000, 0x0000000702a00000|  0%| F|  |TAMS 0x0000000702800000, 0x0000000702800000| Untracked 
|   6|0x0000000702a00000, 0x0000000702a00000, 0x0000000702c00000|  0%| F|  |TAMS 0x0000000702a00000, 0x0000000702a00000| Untracked 
|   7|0x0000000702c00000, 0x0000000702c00000, 0x0000000702e00000|  0%| F|  |TAMS 0x0000000702c00000, 0x0000000702c00000| Untracked 
|   8|0x0000000702e00000, 0x0000000702e00000, 0x0000000703000000|  0%| F|  |TAMS 0x0000000702e00000, 0x0000000702e00000| Untracked 
|   9|0x0000000703000000, 0x0000000703000000, 0x0000000703200000|  0%| F|  |TAMS 0x0000000703000000, 0x0000000703000000| Untracked 
|  10|0x0000000703200000, 0x0000000703200000, 0x0000000703400000|  0%| F|  |TAMS 0x0000000703200000, 0x0000000703200000| Untracked 
|  11|0x0000000703400000, 0x0000000703400000, 0x0000000703600000|  0%| F|  |TAMS 0x0000000703400000, 0x0000000703400000| Untracked 
|  12|0x0000000703600000, 0x0000000703600000, 0x0000000703800000|  0%| F|  |TAMS 0x0000000703600000, 0x0000000703600000| Untracked 
|  13|0x0000000703800000, 0x0000000703800000, 0x0000000703a00000|  0%| F|  |TAMS 0x0000000703800000, 0x0000000703800000| Untracked 
|  14|0x0000000703a00000, 0x0000000703a00000, 0x0000000703c00000|  0%| F|  |TAMS 0x0000000703a00000, 0x0000000703a00000| Untracked 
|  15|0x0000000703c00000, 0x0000000703c00000, 0x0000000703e00000|  0%| F|  |TAMS 0x0000000703c00000, 0x0000000703c00000| Untracked 
|  16|0x0000000703e00000, 0x0000000703e00000, 0x0000000704000000|  0%| F|  |TAMS 0x0000000703e00000, 0x0000000703e00000| Untracked 
|  17|0x0000000704000000, 0x0000000704000000, 0x0000000704200000|  0%| F|  |TAMS 0x0000000704000000, 0x0000000704000000| Untracked 
|  18|0x0000000704200000, 0x0000000704200000, 0x0000000704400000|  0%| F|  |TAMS 0x0000000704200000, 0x0000000704200000| Untracked 
|  19|0x0000000704400000, 0x0000000704400000, 0x0000000704600000|  0%| F|  |TAMS 0x0000000704400000, 0x0000000704400000| Untracked 
|  20|0x0000000704600000, 0x0000000704600000, 0x0000000704800000|  0%| F|  |TAMS 0x0000000704600000, 0x0000000704600000| Untracked 
|  21|0x0000000704800000, 0x0000000704800000, 0x0000000704a00000|  0%| F|  |TAMS 0x0000000704800000, 0x0000000704800000| Untracked 
|  22|0x0000000704a00000, 0x0000000704a00000, 0x0000000704c00000|  0%| F|  |TAMS 0x0000000704a00000, 0x0000000704a00000| Untracked 
|  23|0x0000000704c00000, 0x0000000704c00000, 0x0000000704e00000|  0%| F|  |TAMS 0x0000000704c00000, 0x0000000704c00000| Untracked 
|  24|0x0000000704e00000, 0x0000000704e00000, 0x0000000705000000|  0%| F|  |TAMS 0x0000000704e00000, 0x0000000704e00000| Untracked 
|  25|0x0000000705000000, 0x0000000705000000, 0x0000000705200000|  0%| F|  |TAMS 0x0000000705000000, 0x0000000705000000| Untracked 
|  26|0x0000000705200000, 0x0000000705200000, 0x0000000705400000|  0%| F|  |TAMS 0x0000000705200000, 0x0000000705200000| Untracked 
|  27|0x0000000705400000, 0x0000000705400000, 0x0000000705600000|  0%| F|  |TAMS 0x0000000705400000, 0x0000000705400000| Untracked 
|  28|0x0000000705600000, 0x0000000705600000, 0x0000000705800000|  0%| F|  |TAMS 0x0000000705600000, 0x0000000705600000| Untracked 
|  29|0x0000000705800000, 0x0000000705800000, 0x0000000705a00000|  0%| F|  |TAMS 0x0000000705800000, 0x0000000705800000| Untracked 
|  30|0x0000000705a00000, 0x0000000705a00000, 0x0000000705c00000|  0%| F|  |TAMS 0x0000000705a00000, 0x0000000705a00000| Untracked 
|  31|0x0000000705c00000, 0x0000000705c00000, 0x0000000705e00000|  0%| F|  |TAMS 0x0000000705c00000, 0x0000000705c00000| Untracked 
|  32|0x0000000705e00000, 0x0000000705e00000, 0x0000000706000000|  0%| F|  |TAMS 0x0000000705e00000, 0x0000000705e00000| Untracked 
|  33|0x0000000706000000, 0x0000000706000000, 0x0000000706200000|  0%| F|  |TAMS 0x0000000706000000, 0x0000000706000000| Untracked 
|  34|0x0000000706200000, 0x0000000706200000, 0x0000000706400000|  0%| F|  |TAMS 0x0000000706200000, 0x0000000706200000| Untracked 
|  35|0x0000000706400000, 0x0000000706400000, 0x0000000706600000|  0%| F|  |TAMS 0x0000000706400000, 0x0000000706400000| Untracked 
|  36|0x0000000706600000, 0x0000000706600000, 0x0000000706800000|  0%| F|  |TAMS 0x0000000706600000, 0x0000000706600000| Untracked 
|  37|0x0000000706800000, 0x0000000706800000, 0x0000000706a00000|  0%| F|  |TAMS 0x0000000706800000, 0x0000000706800000| Untracked 
|  38|0x0000000706a00000, 0x0000000706a00000, 0x0000000706c00000|  0%| F|  |TAMS 0x0000000706a00000, 0x0000000706a00000| Untracked 
|  39|0x0000000706c00000, 0x0000000706c00000, 0x0000000706e00000|  0%| F|  |TAMS 0x0000000706c00000, 0x0000000706c00000| Untracked 
|  40|0x0000000706e00000, 0x0000000706e00000, 0x0000000707000000|  0%| F|  |TAMS 0x0000000706e00000, 0x0000000706e00000| Untracked 
|  41|0x0000000707000000, 0x0000000707000000, 0x0000000707200000|  0%| F|  |TAMS 0x0000000707000000, 0x0000000707000000| Untracked 
|  42|0x0000000707200000, 0x0000000707200000, 0x0000000707400000|  0%| F|  |TAMS 0x0000000707200000, 0x0000000707200000| Untracked 
|  43|0x0000000707400000, 0x0000000707400000, 0x0000000707600000|  0%| F|  |TAMS 0x0000000707400000, 0x0000000707400000| Untracked 
|  44|0x0000000707600000, 0x0000000707600000, 0x0000000707800000|  0%| F|  |TAMS 0x0000000707600000, 0x0000000707600000| Untracked 
|  45|0x0000000707800000, 0x0000000707800000, 0x0000000707a00000|  0%| F|  |TAMS 0x0000000707800000, 0x0000000707800000| Untracked 
|  46|0x0000000707a00000, 0x0000000707a00000, 0x0000000707c00000|  0%| F|  |TAMS 0x0000000707a00000, 0x0000000707a00000| Untracked 
|  47|0x0000000707c00000, 0x0000000707c00000, 0x0000000707e00000|  0%| F|  |TAMS 0x0000000707c00000, 0x0000000707c00000| Untracked 
|  48|0x0000000707e00000, 0x0000000707e00000, 0x0000000708000000|  0%| F|  |TAMS 0x0000000707e00000, 0x0000000707e00000| Untracked 
|  49|0x0000000708000000, 0x0000000708000000, 0x0000000708200000|  0%| F|  |TAMS 0x0000000708000000, 0x0000000708000000| Untracked 
|  50|0x0000000708200000, 0x0000000708200000, 0x0000000708400000|  0%| F|  |TAMS 0x0000000708200000, 0x0000000708200000| Untracked 
|  51|0x0000000708400000, 0x0000000708400000, 0x0000000708600000|  0%| F|  |TAMS 0x0000000708400000, 0x0000000708400000| Untracked 
|  52|0x0000000708600000, 0x0000000708600000, 0x0000000708800000|  0%| F|  |TAMS 0x0000000708600000, 0x0000000708600000| Untracked 
|  53|0x0000000708800000, 0x0000000708800000, 0x0000000708a00000|  0%| F|  |TAMS 0x0000000708800000, 0x0000000708800000| Untracked 
|  54|0x0000000708a00000, 0x0000000708a00000, 0x0000000708c00000|  0%| F|  |TAMS 0x0000000708a00000, 0x0000000708a00000| Untracked 
|  55|0x0000000708c00000, 0x0000000708c00000, 0x0000000708e00000|  0%| F|  |TAMS 0x0000000708c00000, 0x0000000708c00000| Untracked 
|  56|0x0000000708e00000, 0x0000000708e00000, 0x0000000709000000|  0%| F|  |TAMS 0x0000000708e00000, 0x0000000708e00000| Untracked 
|  57|0x0000000709000000, 0x0000000709000000, 0x0000000709200000|  0%| F|  |TAMS 0x0000000709000000, 0x0000000709000000| Untracked 
|  58|0x0000000709200000, 0x0000000709200000, 0x0000000709400000|  0%| F|  |TAMS 0x0000000709200000, 0x0000000709200000| Untracked 
|  59|0x0000000709400000, 0x0000000709400000, 0x0000000709600000|  0%| F|  |TAMS 0x0000000709400000, 0x0000000709400000| Untracked 
|  60|0x0000000709600000, 0x0000000709600000, 0x0000000709800000|  0%| F|  |TAMS 0x0000000709600000, 0x0000000709600000| Untracked 
|  61|0x0000000709800000, 0x0000000709800000, 0x0000000709a00000|  0%| F|  |TAMS 0x0000000709800000, 0x0000000709800000| Untracked 
|  62|0x0000000709a00000, 0x0000000709a00000, 0x0000000709c00000|  0%| F|  |TAMS 0x0000000709a00000, 0x0000000709a00000| Untracked 
|  63|0x0000000709c00000, 0x0000000709c00000, 0x0000000709e00000|  0%| F|  |TAMS 0x0000000709c00000, 0x0000000709c00000| Untracked 
|  64|0x0000000709e00000, 0x0000000709e00000, 0x000000070a000000|  0%| F|  |TAMS 0x0000000709e00000, 0x0000000709e00000| Untracked 
|  65|0x000000070a000000, 0x000000070a000000, 0x000000070a200000|  0%| F|  |TAMS 0x000000070a000000, 0x000000070a000000| Untracked 
|  66|0x000000070a200000, 0x000000070a200000, 0x000000070a400000|  0%| F|  |TAMS 0x000000070a200000, 0x000000070a200000| Untracked 
|  67|0x000000070a400000, 0x000000070a400000, 0x000000070a600000|  0%| F|  |TAMS 0x000000070a400000, 0x000000070a400000| Untracked 
|  68|0x000000070a600000, 0x000000070a600000, 0x000000070a800000|  0%| F|  |TAMS 0x000000070a600000, 0x000000070a600000| Untracked 
|  69|0x000000070a800000, 0x000000070a800000, 0x000000070aa00000|  0%| F|  |TAMS 0x000000070a800000, 0x000000070a800000| Untracked 
|  70|0x000000070aa00000, 0x000000070aa00000, 0x000000070ac00000|  0%| F|  |TAMS 0x000000070aa00000, 0x000000070aa00000| Untracked 
|  71|0x000000070ac00000, 0x000000070ac00000, 0x000000070ae00000|  0%| F|  |TAMS 0x000000070ac00000, 0x000000070ac00000| Untracked 
|  72|0x000000070ae00000, 0x000000070ae00000, 0x000000070b000000|  0%| F|  |TAMS 0x000000070ae00000, 0x000000070ae00000| Untracked 
|  73|0x000000070b000000, 0x000000070b000000, 0x000000070b200000|  0%| F|  |TAMS 0x000000070b000000, 0x000000070b000000| Untracked 
|  74|0x000000070b200000, 0x000000070b200000, 0x000000070b400000|  0%| F|  |TAMS 0x000000070b200000, 0x000000070b200000| Untracked 
|  75|0x000000070b400000, 0x000000070b400000, 0x000000070b600000|  0%| F|  |TAMS 0x000000070b400000, 0x000000070b400000| Untracked 
|  76|0x000000070b600000, 0x000000070b600000, 0x000000070b800000|  0%| F|  |TAMS 0x000000070b600000, 0x000000070b600000| Untracked 
|  77|0x000000070b800000, 0x000000070b800000, 0x000000070ba00000|  0%| F|  |TAMS 0x000000070b800000, 0x000000070b800000| Untracked 
|  78|0x000000070ba00000, 0x000000070ba00000, 0x000000070bc00000|  0%| F|  |TAMS 0x000000070ba00000, 0x000000070ba00000| Untracked 
|  79|0x000000070bc00000, 0x000000070bc00000, 0x000000070be00000|  0%| F|  |TAMS 0x000000070bc00000, 0x000000070bc00000| Untracked 
|  80|0x000000070be00000, 0x000000070be00000, 0x000000070c000000|  0%| F|  |TAMS 0x000000070be00000, 0x000000070be00000| Untracked 
|  81|0x000000070c000000, 0x000000070c000000, 0x000000070c200000|  0%| F|  |TAMS 0x000000070c000000, 0x000000070c000000| Untracked 
|  82|0x000000070c200000, 0x000000070c200000, 0x000000070c400000|  0%| F|  |TAMS 0x000000070c200000, 0x000000070c200000| Untracked 
|  83|0x000000070c400000, 0x000000070c400000, 0x000000070c600000|  0%| F|  |TAMS 0x000000070c400000, 0x000000070c400000| Untracked 
|  84|0x000000070c600000, 0x000000070c600000, 0x000000070c800000|  0%| F|  |TAMS 0x000000070c600000, 0x000000070c600000| Untracked 
|  85|0x000000070c800000, 0x000000070c800000, 0x000000070ca00000|  0%| F|  |TAMS 0x000000070c800000, 0x000000070c800000| Untracked 
|  86|0x000000070ca00000, 0x000000070ca00000, 0x000000070cc00000|  0%| F|  |TAMS 0x000000070ca00000, 0x000000070ca00000| Untracked 
|  87|0x000000070cc00000, 0x000000070cc00000, 0x000000070ce00000|  0%| F|  |TAMS 0x000000070cc00000, 0x000000070cc00000| Untracked 
|  88|0x000000070ce00000, 0x000000070ce00000, 0x000000070d000000|  0%| F|  |TAMS 0x000000070ce00000, 0x000000070ce00000| Untracked 
|  89|0x000000070d000000, 0x000000070d000000, 0x000000070d200000|  0%| F|  |TAMS 0x000000070d000000, 0x000000070d000000| Untracked 
|  90|0x000000070d200000, 0x000000070d200000, 0x000000070d400000|  0%| F|  |TAMS 0x000000070d200000, 0x000000070d200000| Untracked 
|  91|0x000000070d400000, 0x000000070d400000, 0x000000070d600000|  0%| F|  |TAMS 0x000000070d400000, 0x000000070d400000| Untracked 
|  92|0x000000070d600000, 0x000000070d600000, 0x000000070d800000|  0%| F|  |TAMS 0x000000070d600000, 0x000000070d600000| Untracked 
|  93|0x000000070d800000, 0x000000070d800000, 0x000000070da00000|  0%| F|  |TAMS 0x000000070d800000, 0x000000070d800000| Untracked 
|  94|0x000000070da00000, 0x000000070da00000, 0x000000070dc00000|  0%| F|  |TAMS 0x000000070da00000, 0x000000070da00000| Untracked 
|  95|0x000000070dc00000, 0x000000070dc00000, 0x000000070de00000|  0%| F|  |TAMS 0x000000070dc00000, 0x000000070dc00000| Untracked 
|  96|0x000000070de00000, 0x000000070de00000, 0x000000070e000000|  0%| F|  |TAMS 0x000000070de00000, 0x000000070de00000| Untracked 
|  97|0x000000070e000000, 0x000000070e000000, 0x000000070e200000|  0%| F|  |TAMS 0x000000070e000000, 0x000000070e000000| Untracked 
|  98|0x000000070e200000, 0x000000070e200000, 0x000000070e400000|  0%| F|  |TAMS 0x000000070e200000, 0x000000070e200000| Untracked 
|  99|0x000000070e400000, 0x000000070e400000, 0x000000070e600000|  0%| F|  |TAMS 0x000000070e400000, 0x000000070e400000| Untracked 
| 100|0x000000070e600000, 0x000000070e600000, 0x000000070e800000|  0%| F|  |TAMS 0x000000070e600000, 0x000000070e600000| Untracked 
| 101|0x000000070e800000, 0x000000070e800000, 0x000000070ea00000|  0%| F|  |TAMS 0x000000070e800000, 0x000000070e800000| Untracked 
| 102|0x000000070ea00000, 0x000000070ea00000, 0x000000070ec00000|  0%| F|  |TAMS 0x000000070ea00000, 0x000000070ea00000| Untracked 
| 103|0x000000070ec00000, 0x000000070ec00000, 0x000000070ee00000|  0%| F|  |TAMS 0x000000070ec00000, 0x000000070ec00000| Untracked 
| 104|0x000000070ee00000, 0x000000070ee00000, 0x000000070f000000|  0%| F|  |TAMS 0x000000070ee00000, 0x000000070ee00000| Untracked 
| 105|0x000000070f000000, 0x000000070f000000, 0x000000070f200000|  0%| F|  |TAMS 0x000000070f000000, 0x000000070f000000| Untracked 
| 106|0x000000070f200000, 0x000000070f200000, 0x000000070f400000|  0%| F|  |TAMS 0x000000070f200000, 0x000000070f200000| Untracked 
| 107|0x000000070f400000, 0x000000070f400000, 0x000000070f600000|  0%| F|  |TAMS 0x000000070f400000, 0x000000070f400000| Untracked 
| 108|0x000000070f600000, 0x000000070f600000, 0x000000070f800000|  0%| F|  |TAMS 0x000000070f600000, 0x000000070f600000| Untracked 
| 109|0x000000070f800000, 0x000000070f9ec3d0, 0x000000070fa00000| 96%| E|  |TAMS 0x000000070f800000, 0x000000070f800000| Complete 
| 110|0x000000070fa00000, 0x000000070fba6390, 0x000000070fc00000| 82%| S|CS|TAMS 0x000000070fa00000, 0x000000070fa00000| Complete 
| 111|0x000000070fc00000, 0x000000070fe00000, 0x000000070fe00000|100%| E|CS|TAMS 0x000000070fc00000, 0x000000070fc00000| Complete 
| 112|0x000000070fe00000, 0x0000000710000000, 0x0000000710000000|100%| E|CS|TAMS 0x000000070fe00000, 0x000000070fe00000| Complete 
| 113|0x0000000710000000, 0x0000000710200000, 0x0000000710200000|100%| E|CS|TAMS 0x0000000710000000, 0x0000000710000000| Complete 
| 114|0x0000000710200000, 0x0000000710400000, 0x0000000710400000|100%| E|CS|TAMS 0x0000000710200000, 0x0000000710200000| Complete 
| 115|0x0000000710400000, 0x0000000710600000, 0x0000000710600000|100%| E|CS|TAMS 0x0000000710400000, 0x0000000710400000| Complete 
| 116|0x0000000710600000, 0x0000000710800000, 0x0000000710800000|100%| E|CS|TAMS 0x0000000710600000, 0x0000000710600000| Complete 
| 117|0x0000000710800000, 0x0000000710a00000, 0x0000000710a00000|100%| E|CS|TAMS 0x0000000710800000, 0x0000000710800000| Complete 
| 118|0x0000000710a00000, 0x0000000710c00000, 0x0000000710c00000|100%| E|CS|TAMS 0x0000000710a00000, 0x0000000710a00000| Complete 
| 119|0x0000000710c00000, 0x0000000710e00000, 0x0000000710e00000|100%| E|CS|TAMS 0x0000000710c00000, 0x0000000710c00000| Complete 
| 120|0x0000000710e00000, 0x0000000711000000, 0x0000000711000000|100%| E|CS|TAMS 0x0000000710e00000, 0x0000000710e00000| Complete 
| 121|0x0000000711000000, 0x0000000711200000, 0x0000000711200000|100%| E|CS|TAMS 0x0000000711000000, 0x0000000711000000| Complete 
| 122|0x0000000711200000, 0x0000000711400000, 0x0000000711400000|100%| E|CS|TAMS 0x0000000711200000, 0x0000000711200000| Complete 
| 123|0x0000000711400000, 0x0000000711600000, 0x0000000711600000|100%| E|CS|TAMS 0x0000000711400000, 0x0000000711400000| Complete 
| 124|0x0000000711600000, 0x0000000711800000, 0x0000000711800000|100%| E|CS|TAMS 0x0000000711600000, 0x0000000711600000| Complete 
| 125|0x0000000711800000, 0x0000000711a00000, 0x0000000711a00000|100%| E|CS|TAMS 0x0000000711800000, 0x0000000711800000| Complete 
| 126|0x0000000711a00000, 0x0000000711c00000, 0x0000000711c00000|100%| E|CS|TAMS 0x0000000711a00000, 0x0000000711a00000| Complete 
| 127|0x0000000711c00000, 0x0000000711e00000, 0x0000000711e00000|100%| E|CS|TAMS 0x0000000711c00000, 0x0000000711c00000| Complete 

Card table byte_map: [0x00000218a2970000,0x00000218a3170000] _byte_map_base: 0x000002189f161000

Marking Bits (Prev, Next): (CMBitMap*) 0x000002188b57a5a0, (CMBitMap*) 0x000002188b57a5e0
 Prev Bits: [0x00000218a3970000, 0x00000218a78f8000)
 Next Bits: [0x00000218a7900000, 0x00000218ab888000)

Polling page: 0x000002188acd0000

Metaspace:

Usage:
  Non-class:     17.40 MB used.
      Class:      1.81 MB used.
       Both:     19.22 MB used.

Virtual space:
  Non-class space:       64.00 MB reserved,      17.50 MB ( 27%) committed,  1 nodes.
      Class space:        1.00 GB reserved,       1.94 MB ( <1%) committed,  1 nodes.
             Both:        1.06 GB reserved,      19.44 MB (  2%) committed. 

Chunk freelists:
   Non-Class:  2.33 MB
       Class:  1.98 MB
        Both:  4.31 MB

MaxMetaspaceSize: unlimited
CompressedClassSpaceSize: 1.00 GB
Initial GC threshold: 21.00 MB
Current GC threshold: 21.00 MB
CDS: on
MetaspaceReclaimPolicy: balanced
 - commit_granule_bytes: 65536.
 - commit_granule_words: 8192.
 - virtual_space_node_default_size: 8388608.
 - enlarge_chunks_in_place: 1.
 - new_chunks_are_fully_committed: 0.
 - uncommit_free_chunks: 1.
 - use_allocation_guard: 0.


Internal statistics:

num_allocs_failed_limit: 0.
num_arena_births: 158.
num_arena_deaths: 0.
num_vsnodes_births: 2.
num_vsnodes_deaths: 0.
num_space_committed: 311.
num_space_uncommitted: 0.
num_chunks_returned_to_freelist: 0.
num_chunks_taken_from_freelist: 458.
num_chunk_merges: 0.
num_chunk_splits: 343.
num_chunks_enlarged: 272.
num_inconsistent_stats: 0.

CodeHeap 'non-profiled nmethods': size=120000Kb used=1292Kb max_used=1292Kb free=118707Kb
 bounds [0x000002189a910000, 0x000002189ab80000, 0x00000218a1e40000]
CodeHeap 'profiled nmethods': size=120000Kb used=6463Kb max_used=6463Kb free=113536Kb
 bounds [0x00000218933e0000, 0x0000021893a30000, 0x000002189a910000]
CodeHeap 'non-nmethods': size=5760Kb used=1435Kb max_used=1559Kb free=4325Kb
 bounds [0x0000021892e40000, 0x00000218930b0000, 0x00000218933e0000]
 total_blobs=3760 nmethods=3059 adapters=613
 compilation: enabled
              stopped_count=0, restarted_count=0
 full_count=0

Compilation events (20 events):
Event: 9.664 Thread 0x00000218aba74890 3054       1       javax.swing.JComponent::isPaintingOrigin (2 bytes)
Event: 9.664 Thread 0x00000218aba74890 nmethod 3054 0x000002189aa52b10 code [0x000002189aa52ca0, 0x000002189aa52d78]
Event: 9.666 Thread 0x00000218aba74890 3055   !   3       sun.java2d.pipe.BufferedRenderPipe::fillParallelogram (120 bytes)
Event: 9.667 Thread 0x00000218aba74890 nmethod 3055 0x0000021893a29a90 code [0x0000021893a29da0, 0x0000021893a2ae88]
Event: 9.667 Thread 0x00000218aba74890 3056       3       java.awt.geom.AffineTransform::createInverse (543 bytes)
Event: 9.668 Thread 0x00000218aba74890 nmethod 3056 0x0000021893a2b890 code [0x0000021893a2bd20, 0x0000021893a2d2a8]
Event: 9.668 Thread 0x00000218aba74890 3058       3       java.lang.Boolean::equals (29 bytes)
Event: 9.668 Thread 0x00000218aba74890 nmethod 3058 0x0000021893a2d810 code [0x0000021893a2d9c0, 0x0000021893a2ddb8]
Event: 9.668 Thread 0x00000218aba74890 3059       3       java.lang.Integer::equals (29 bytes)
Event: 9.668 Thread 0x00000218aba74890 nmethod 3059 0x0000021893a2de90 code [0x0000021893a2e040, 0x0000021893a2e438]
Event: 9.668 Thread 0x00000218aba74890 3060       3       java.lang.Boolean::valueOf (14 bytes)
Event: 9.668 Thread 0x00000218aba74890 nmethod 3060 0x0000021893a2e510 code [0x0000021893a2e6a0, 0x0000021893a2e818]
Event: 9.668 Thread 0x00000218aba74890 3057       3       java.awt.geom.AffineTransform::<init> (50 bytes)
Event: 9.668 Thread 0x00000218aba74890 nmethod 3057 0x0000021893a2e890 code [0x0000021893a2ea20, 0x0000021893a2ebb8]
Event: 16.199 Thread 0x00000218aba74890 3062       3       java.util.ArrayList::toArray (57 bytes)
Event: 16.199 Thread 0x00000218aba74890 nmethod 3062 0x0000021893a2ec90 code [0x0000021893a2ee60, 0x0000021893a2f3f8]
Event: 19.683 Thread 0x00000218aba74890 3063       3       sun.java2d.d3d.D3DSurfaceData$D3DWindowSurfaceData::isDirty (18 bytes)
Event: 19.683 Thread 0x00000218aba74890 nmethod 3063 0x0000021893a2f510 code [0x0000021893a2f6c0, 0x0000021893a2f908]
Event: 19.683 Thread 0x00000218aba74890 3064       3       sun.java2d.StateTrackableDelegate$1::isCurrent (17 bytes)
Event: 19.683 Thread 0x00000218aba74890 nmethod 3064 0x0000021893a2fa10 code [0x0000021893a2fba0, 0x0000021893a2fd18]

GC Heap History (4 events):
Event: 8.156 GC heap before
{Heap before GC invocations=0 (full 0):
 garbage-first heap   total 262144K, used 22528K [0x0000000701e00000, 0x0000000800000000)
  region size 2048K, 11 young (22528K), 0 survivors (0K)
 Metaspace       used 11392K, committed 11648K, reserved 1114112K
  class space    used 1208K, committed 1344K, reserved 1048576K
}
Event: 8.161 GC heap after
{Heap after GC invocations=1 (full 0):
 garbage-first heap   total 262144K, used 4096K [0x0000000701e00000, 0x0000000800000000)
  region size 2048K, 2 young (4096K), 2 survivors (4096K)
 Metaspace       used 11392K, committed 11648K, reserved 1114112K
  class space    used 1208K, committed 1344K, reserved 1048576K
}
Event: 8.391 GC heap before
{Heap before GC invocations=1 (full 0):
 garbage-first heap   total 262144K, used 34816K [0x0000000701e00000, 0x0000000800000000)
  region size 2048K, 17 young (34816K), 2 survivors (4096K)
 Metaspace       used 15575K, committed 15808K, reserved 1114112K
  class space    used 1553K, committed 1664K, reserved 1048576K
}
Event: 8.395 GC heap after
{Heap after GC invocations=2 (full 0):
 garbage-first heap   total 262144K, used 5355K [0x0000000701e00000, 0x0000000800000000)
  region size 2048K, 1 young (2048K), 1 survivors (2048K)
 Metaspace       used 15575K, committed 15808K, reserved 1114112K
  class space    used 1553K, committed 1664K, reserved 1048576K
}

Deoptimization events (20 events):
Event: 8.636 Thread 0x00000218b2dd4cf0 DEOPT PACKING pc=0x000002189a9fa658 sp=0x000000bdca9fc260
Event: 8.636 Thread 0x00000218b2dd4cf0 DEOPT UNPACKING pc=0x0000021892e923a3 sp=0x000000bdca9fc1e8 mode 2
Event: 8.636 Thread 0x00000218b2dd4cf0 Uncommon trap: trap_request=0xffffffde fr.pc=0x000002189a9fa658 relative=0x0000000000000138
Event: 8.636 Thread 0x00000218b2dd4cf0 Uncommon trap: reason=class_check action=maybe_recompile pc=0x000002189a9fa658 method=jdk.internal.misc.Unsafe.allocateUninitializedArray(Ljava/lang/Class;I)Ljava/lang/Object; @ 51 c2
Event: 8.636 Thread 0x00000218b2dd4cf0 DEOPT PACKING pc=0x000002189a9fa658 sp=0x000000bdca9fc810
Event: 8.636 Thread 0x00000218b2dd4cf0 DEOPT UNPACKING pc=0x0000021892e923a3 sp=0x000000bdca9fc798 mode 2
Event: 8.638 Thread 0x00000218b2dd4cf0 DEOPT PACKING pc=0x000002189373f119 sp=0x000000bdca9fb030
Event: 8.638 Thread 0x00000218b2dd4cf0 DEOPT UNPACKING pc=0x0000021892e92b43 sp=0x000000bdca9fa5e0 mode 0
Event: 8.692 Thread 0x00000218b2dd4cf0 Uncommon trap: trap_request=0xffffff45 fr.pc=0x000002189a99dcc8 relative=0x00000000000000c8
Event: 8.692 Thread 0x00000218b2dd4cf0 Uncommon trap: reason=unstable_if action=reinterpret pc=0x000002189a99dcc8 method=java.lang.ref.SoftReference.get()Ljava/lang/Object; @ 6 c2
Event: 8.692 Thread 0x00000218b2dd4cf0 DEOPT PACKING pc=0x000002189a99dcc8 sp=0x000000bdca9fd4f0
Event: 8.692 Thread 0x00000218b2dd4cf0 DEOPT UNPACKING pc=0x0000021892e923a3 sp=0x000000bdca9fd4a8 mode 2
Event: 8.713 Thread 0x00000218b2dd4cf0 DEOPT PACKING pc=0x00000218937395f3 sp=0x000000bdca9fa270
Event: 8.713 Thread 0x00000218b2dd4cf0 DEOPT UNPACKING pc=0x0000021892e92b43 sp=0x000000bdca9f9788 mode 0
Event: 8.745 Thread 0x00000218b2dd4cf0 Uncommon trap: trap_request=0xffffff45 fr.pc=0x000002189a9ad5e4 relative=0x00000000000012c4
Event: 8.745 Thread 0x00000218b2dd4cf0 Uncommon trap: reason=unstable_if action=reinterpret pc=0x000002189a9ad5e4 method=org.eclipse.jdt.launching.internal.org.objectweb.asm.MethodWriter.putMethodInfo(Lorg/eclipse/jdt/launching/internal/org/objectweb/asm/ByteVector;)V @ 150 c2
Event: 8.745 Thread 0x00000218b2dd4cf0 DEOPT PACKING pc=0x000002189a9ad5e4 sp=0x000000bdca9fb7e0
Event: 8.745 Thread 0x00000218b2dd4cf0 DEOPT UNPACKING pc=0x0000021892e923a3 sp=0x000000bdca9fb798 mode 2
Event: 8.753 Thread 0x00000218b2dd4cf0 DEOPT PACKING pc=0x000002189373f119 sp=0x000000bdca9fb980
Event: 8.753 Thread 0x00000218b2dd4cf0 DEOPT UNPACKING pc=0x0000021892e92b43 sp=0x000000bdca9faf30 mode 0

Classes loaded (20 events):
Event: 8.821 Loading class javax/swing/JTable$PrintMode
Event: 8.821 Loading class javax/swing/JTable$PrintMode done
Event: 8.821 Loading class javax/swing/JScrollPane
Event: 8.821 Loading class javax/swing/ScrollPaneConstants
Event: 8.821 Loading class javax/swing/ScrollPaneConstants done
Event: 8.821 Loading class javax/swing/JScrollPane done
Event: 8.821 Loading class javax/swing/table/DefaultTableCellRenderer$UIResource
Event: 8.821 Loading class javax/swing/table/DefaultTableCellRenderer$UIResource done
Event: 78.653 Loading class java/util/concurrent/atomic/AtomicReferenceFieldUpdater
Event: 78.653 Loading class java/util/concurrent/atomic/AtomicReferenceFieldUpdater done
Event: 78.653 Loading class java/util/concurrent/atomic/AtomicReferenceFieldUpdater$AtomicReferenceFieldUpdaterImpl
Event: 78.653 Loading class java/util/concurrent/atomic/AtomicReferenceFieldUpdater$AtomicReferenceFieldUpdaterImpl done
Event: 78.653 Loading class java/util/concurrent/atomic/AtomicReferenceFieldUpdater$AtomicReferenceFieldUpdaterImpl$1
Event: 78.653 Loading class java/util/concurrent/atomic/AtomicReferenceFieldUpdater$AtomicReferenceFieldUpdaterImpl$1 done
Event: 123.003 Loading class java/lang/Throwable$WrappedPrintStream
Event: 123.003 Loading class java/lang/Throwable$PrintStreamOrWriter
Event: 123.003 Loading class java/lang/Throwable$PrintStreamOrWriter done
Event: 123.003 Loading class java/lang/Throwable$WrappedPrintStream done
Event: 123.009 Loading class java/lang/StackTraceElement$HashedModules
Event: 123.009 Loading class java/lang/StackTraceElement$HashedModules done

Classes unloaded (0 events):
No events

Classes redefined (2 events):
Event: 168.340 Thread 0x00000218aba21ba0 redefined class name=be.jossart.dao.CopyDAO, count=1
Event: 264.892 Thread 0x00000218aba21ba0 redefined class name=be.jossart.dao.CopyDAO, count=2

Internal exceptions (19 events):
Event: 0.326 Thread 0x000002188b508d90 Exception <a 'java/lang/NoSuchMethodError'{0x00000007119b0e68}: 'void java.lang.invoke.DirectMethodHandle$Holder.invokeStatic(java.lang.Object, java.lang.Object, java.lang.Object)'> (0x00000007119b0e68) 
thrown [s\open\src\hotspot\share\interpreter\linkResolver.cpp, line 759]
Event: 0.329 Thread 0x000002188b508d90 Exception <a 'java/lang/NoSuchMethodError'{0x00000007119c4c80}: 'java.lang.Object java.lang.invoke.Invokers$Holder.invokeExact_MT(java.lang.Object, java.lang.Object, java.lang.Object, java.lang.Object, java.lang.Object)'> (0x00000007119c4c80) 
thrown [s\open\src\hotspot\share\interpreter\linkResolver.cpp, line 759]
Event: 0.371 Thread 0x000002188b508d90 Exception <a 'java/lang/ClassNotFoundException'{0x000000071171e398}: sun/awt/resources/spi/awtProvider> (0x000000071171e398) 
thrown [s\open\src\hotspot\share\classfile\systemDictionary.cpp, line 255]
Event: 0.382 Thread 0x000002188b508d90 Exception <a 'java/io/FileNotFoundException'{0x000000071176fe60}> (0x000000071176fe60) 
thrown [s\open\src\hotspot\share\prims\jni.cpp, line 516]
Event: 0.387 Thread 0x000002188b508d90 Exception <a 'java/io/FileNotFoundException'{0x000000071179ee78}> (0x000000071179ee78) 
thrown [s\open\src\hotspot\share\prims\jni.cpp, line 516]
Event: 0.411 Thread 0x000002188b508d90 Exception <a 'java/lang/NoSuchMethodError'{0x000000071149a250}: 'java.lang.Object java.lang.invoke.DirectMethodHandle$Holder.invokeStaticInit(java.lang.Object)'> (0x000000071149a250) 
thrown [s\open\src\hotspot\share\interpreter\linkResolver.cpp, line 759]
Event: 0.581 Thread 0x00000218b2dd4cf0 Exception <a 'java/lang/NoSuchMethodError'{0x000000071126a478}: 'void java.lang.invoke.DirectMethodHandle$Holder.invokeSpecial(java.lang.Object, java.lang.Object, java.lang.Object)'> (0x000000071126a478) 
thrown [s\open\src\hotspot\share\interpreter\linkResolver.cpp, line 759]
Event: 0.589 Thread 0x00000218b2dd4cf0 Exception <a 'java/lang/NoSuchMethodError'{0x00000007112bca58}: 'java.lang.Object java.lang.invoke.DirectMethodHandle$Holder.newInvokeSpecial(java.lang.Object, java.lang.Object, java.lang.Object, java.lang.Object, java.lang.Object)'> (0x00000007112bca58) 
thrown [s\open\src\hotspot\share\interpreter\linkResolver.cpp, line 759]
Event: 0.594 Thread 0x00000218b2dd4cf0 Exception <a 'java/lang/NoSuchMethodError'{0x00000007112eed88}: 'java.lang.Object java.lang.invoke.DirectMethodHandle$Holder.invokeStatic(java.lang.Object, int, java.lang.Object)'> (0x00000007112eed88) 
thrown [s\open\src\hotspot\share\interpreter\linkResolver.cpp, line 759]
Event: 0.619 Thread 0x00000218b2dd4cf0 Exception <a 'java/lang/ClassNotFoundException'{0x00000007113ba538}: com/sun/swing/internal/plaf/metal/resources/spi/metalProvider> (0x00000007113ba538) 
thrown [s\open\src\hotspot\share\classfile\systemDictionary.cpp, line 255]
Event: 0.620 Thread 0x00000218b2dd4cf0 Exception <a 'java/lang/ClassNotFoundException'{0x00000007113c1030}: com/sun/swing/internal/plaf/basic/resources/spi/basicProvider> (0x00000007113c1030) 
thrown [s\open\src\hotspot\share\classfile\systemDictionary.cpp, line 255]
Event: 0.627 Thread 0x00000218b2dd4cf0 Exception <a 'java/lang/NoSuchMethodError'{0x00000007113fd1e8}: 'int java.lang.invoke.Invokers$Holder.invokeExact_MT(java.lang.Object, java.lang.Object)'> (0x00000007113fd1e8) 
thrown [s\open\src\hotspot\share\interpreter\linkResolver.cpp, line 759]
Event: 0.642 Thread 0x00000218b2dd9360 Exception <a 'java/lang/NoSuchMethodError'{0x00000007114ff378}: 'void java.lang.invoke.DirectMethodHandle$Holder.invokeVirtual(java.lang.Object, java.lang.Object)'> (0x00000007114ff378) 
thrown [s\open\src\hotspot\share\interpreter\linkResolver.cpp, line 759]
Event: 0.655 Thread 0x00000218b2dd4cf0 Exception <a 'java/lang/NoSuchMethodError'{0x00000007110b8b80}: 'void java.lang.invoke.DirectMethodHandle$Holder.invokeStaticInit(java.lang.Object)'> (0x00000007110b8b80) 
thrown [s\open\src\hotspot\share\interpreter\linkResolver.cpp, line 759]
Event: 1.708 Thread 0x00000218b2dd4cf0 Implicit null exception at 0x000002189a94578f to 0x000002189a94580d
Event: 8.097 Thread 0x00000218b2dd4cf0 Exception <a 'java/lang/NoSuchMethodError'{0x000000071080e620}: 'java.lang.Object java.lang.invoke.DirectMethodHandle$Holder.invokeStaticInit(java.lang.Object, int, int, int, int)'> (0x000000071080e620) 
thrown [s\open\src\hotspot\share\interpreter\linkResolver.cpp, line 759]
Event: 8.136 Thread 0x00000218b2dd4cf0 Exception <a 'java/lang/NoSuchMethodError'{0x00000007108cafb0}: 'java.lang.Object java.lang.invoke.DirectMethodHandle$Holder.invokeStaticInit(java.lang.Object, java.lang.Object, int, int, int, int)'> (0x00000007108cafb0) 
thrown [s\open\src\hotspot\share\interpreter\linkResolver.cpp, line 759]
Event: 8.141 Thread 0x00000218b2dd4cf0 Exception <a 'java/lang/NoSuchMethodError'{0x00000007108fbed8}: 'java.lang.Object java.lang.invoke.DirectMethodHandle$Holder.invokeInterface(java.lang.Object, java.lang.Object)'> (0x00000007108fbed8) 
thrown [s\open\src\hotspot\share\interpreter\linkResolver.cpp, line 759]
Event: 8.189 Thread 0x00000218b2dd4cf0 Exception <a 'java/lang/NoClassDefFoundError'{0x0000000711aa3de8}: org/apache/log4j/Priority> (0x0000000711aa3de8) 
thrown [s\open\src\hotspot\share\classfile\systemDictionary.cpp, line 244]

VM Operations (20 events):
Event: 194.379 Executing VM operation: get/set locals
Event: 194.379 Executing VM operation: get/set locals done
Event: 194.379 Executing VM operation: get/set locals
Event: 194.379 Executing VM operation: get/set locals done
Event: 211.498 Executing VM operation: get/set locals
Event: 211.498 Executing VM operation: get/set locals done
Event: 264.884 Executing VM operation: ChangeSingleStep
Event: 264.884 Executing VM operation: ChangeSingleStep done
Event: 264.884 Executing VM operation: ChangeSingleStep
Event: 264.884 Executing VM operation: ChangeSingleStep done
Event: 264.888 Executing VM operation: RedefineClasses
Event: 264.900 Executing VM operation: RedefineClasses done
Event: 264.905 Executing VM operation: ChangeBreakpoints
Event: 264.906 Executing VM operation: ChangeBreakpoints done
Event: 264.907 Executing VM operation: ChangeSingleStep
Event: 264.907 Executing VM operation: ChangeSingleStep done
Event: 264.908 Executing VM operation: get/set locals
Event: 264.908 Executing VM operation: get/set locals done
Event: 264.908 Executing VM operation: ChangeSingleStep
Event: 264.909 Executing VM operation: ChangeSingleStep done

Events (20 events):
Event: 0.338 Loaded shared library C:\dev\java\sdk\jdk-18.0.2.1\bin\verify.dll
Event: 0.374 Loaded shared library C:\dev\Java\sdk\jdk-18.0.2.1\bin\awt.dll
Event: 0.411 Thread 0x00000218b2e4ad50 Thread added: 0x00000218b2e4ad50
Event: 0.412 Thread 0x00000218b2e4b210 Thread added: 0x00000218b2e4b210
Event: 0.413 Thread 0x00000218b2dd9360 Thread added: 0x00000218b2dd9360
Event: 0.422 Thread 0x00000218b2dd4cf0 Thread added: 0x00000218b2dd4cf0
Event: 0.423 Thread 0x000002188b508d90 Thread exited: 0x000002188b508d90
Event: 0.423 Thread 0x000002188b508d90 Thread added: 0x000002188b508d90
Event: 0.565 Thread 0x00000218b2853780 Thread exited: 0x00000218b2853780
Event: 0.659 Loaded shared library C:\dev\Java\sdk\jdk-18.0.2.1\bin\freetype.dll
Event: 0.660 Loaded shared library C:\dev\Java\sdk\jdk-18.0.2.1\bin\fontmanager.dll
Event: 0.703 Thread 0x00000218b33e95d0 Thread added: 0x00000218b33e95d0
Event: 0.739 Thread 0x00000218b33b8fe0 Thread added: 0x00000218b33b8fe0
Event: 1.115 Thread 0x00000218b33b8fe0 Thread exited: 0x00000218b33b8fe0
Event: 2.036 Thread 0x00000218b345bde0 Thread added: 0x00000218b345bde0
Event: 8.139 Thread 0x00000218b345aaa0 Thread added: 0x00000218b345aaa0
Event: 8.339 Thread 0x00000218ba5b2680 Thread added: 0x00000218ba5b2680
Event: 8.419 Thread 0x00000218ba8da430 Thread added: 0x00000218ba8da430
Event: 8.965 Thread 0x00000218ba8da430 Thread exited: 0x00000218ba8da430
Event: 8.972 Thread 0x00000218ba5b2680 Thread exited: 0x00000218ba5b2680


Dynamic libraries:
0x00007ff70ee40000 - 0x00007ff70ee4e000 	C:\dev\java\sdk\jdk-18.0.2.1\bin\javaw.exe
0x00007ffc11e30000 - 0x00007ffc12028000 	C:\Windows\SYSTEM32\ntdll.dll
0x00007ffbf50c0000 - 0x00007ffbf50d9000 	C:\Program Files\Avast Software\Avast\aswhook.dll
0x00007ffc11660000 - 0x00007ffc1171f000 	C:\Windows\System32\KERNEL32.DLL
0x00007ffc0fa90000 - 0x00007ffc0fd86000 	C:\Windows\System32\KERNELBASE.dll
0x00007ffc0f6a0000 - 0x00007ffc0f7a0000 	C:\Windows\System32\ucrtbase.dll
0x00007ffc0ca70000 - 0x00007ffc0ca87000 	C:\dev\java\sdk\jdk-18.0.2.1\bin\jli.dll
0x00007ffc0ba90000 - 0x00007ffc0baaa000 	C:\dev\java\sdk\jdk-18.0.2.1\bin\VCRUNTIME140.dll
0x00007ffc10060000 - 0x00007ffc101fd000 	C:\Windows\System32\USER32.dll
0x00007ffc0f510000 - 0x00007ffc0f532000 	C:\Windows\System32\win32u.dll
0x00007ffbf7010000 - 0x00007ffbf72aa000 	C:\Windows\WinSxS\amd64_microsoft.windows.common-controls_6595b64144ccf1df_6.0.19041.1110_none_60b5254171f9507e\COMCTL32.dll
0x00007ffc118a0000 - 0x00007ffc118cc000 	C:\Windows\System32\GDI32.dll
0x00007ffc118d0000 - 0x00007ffc1196e000 	C:\Windows\System32\msvcrt.dll
0x00007ffc0f970000 - 0x00007ffc0fa85000 	C:\Windows\System32\gdi32full.dll
0x00007ffc0f540000 - 0x00007ffc0f5dd000 	C:\Windows\System32\msvcp_win.dll
0x00007ffc11b80000 - 0x00007ffc11bb0000 	C:\Windows\System32\IMM32.DLL
0x00007ffc0ba80000 - 0x00007ffc0ba8c000 	C:\dev\java\sdk\jdk-18.0.2.1\bin\vcruntime140_1.dll
0x00007ffbf6dc0000 - 0x00007ffbf6e4d000 	C:\dev\java\sdk\jdk-18.0.2.1\bin\msvcp140.dll
0x00007ffb6ba90000 - 0x00007ffb6c6a1000 	C:\dev\java\sdk\jdk-18.0.2.1\bin\server\jvm.dll
0x00007ffc11bb0000 - 0x00007ffc11c5f000 	C:\Windows\System32\ADVAPI32.dll
0x00007ffc0fef0000 - 0x00007ffc0ff8c000 	C:\Windows\System32\sechost.dll
0x00007ffc11a40000 - 0x00007ffc11b66000 	C:\Windows\System32\RPCRT4.dll
0x00007ffc11b70000 - 0x00007ffc11b78000 	C:\Windows\System32\PSAPI.DLL
0x00007ffbff0d0000 - 0x00007ffbff0d9000 	C:\Windows\SYSTEM32\WSOCK32.dll
0x00007ffc02580000 - 0x00007ffc025a7000 	C:\Windows\SYSTEM32\WINMM.dll
0x00007ffc10e90000 - 0x00007ffc10efb000 	C:\Windows\System32\WS2_32.dll
0x00007ffc07ea0000 - 0x00007ffc07eaa000 	C:\Windows\SYSTEM32\VERSION.dll
0x00007ffc0d2d0000 - 0x00007ffc0d2e2000 	C:\Windows\SYSTEM32\kernel.appcore.dll
0x00007ffc0ca50000 - 0x00007ffc0ca5a000 	C:\dev\java\sdk\jdk-18.0.2.1\bin\jimage.dll
0x00007ffbf9b00000 - 0x00007ffbf9ce4000 	C:\Windows\SYSTEM32\DBGHELP.DLL
0x00007ffc015d0000 - 0x00007ffc01604000 	C:\Windows\SYSTEM32\dbgcore.DLL
0x00007ffc0f5e0000 - 0x00007ffc0f662000 	C:\Windows\System32\bcryptPrimitives.dll
0x00007ffbf6c50000 - 0x00007ffbf6c8b000 	C:\dev\java\sdk\jdk-18.0.2.1\bin\jdwp.dll
0x00007ffc0a590000 - 0x00007ffc0a59e000 	C:\dev\java\sdk\jdk-18.0.2.1\bin\instrument.dll
0x00007ffbb1a30000 - 0x00007ffbb1a55000 	C:\dev\java\sdk\jdk-18.0.2.1\bin\java.dll
0x00007ffbb1950000 - 0x00007ffbb1a26000 	C:\dev\java\sdk\jdk-18.0.2.1\bin\jsvml.dll
0x00007ffc10f00000 - 0x00007ffc11644000 	C:\Windows\System32\SHELL32.dll
0x00007ffc0d5b0000 - 0x00007ffc0dd43000 	C:\Windows\SYSTEM32\windows.storage.dll
0x00007ffc10820000 - 0x00007ffc10b74000 	C:\Windows\System32\combase.dll
0x00007ffc0ef50000 - 0x00007ffc0ef7e000 	C:\Windows\SYSTEM32\Wldp.dll
0x00007ffc11720000 - 0x00007ffc117cd000 	C:\Windows\System32\SHCORE.dll
0x00007ffc10000000 - 0x00007ffc10055000 	C:\Windows\System32\shlwapi.dll
0x00007ffc0f440000 - 0x00007ffc0f465000 	C:\Windows\SYSTEM32\profapi.dll
0x00007ffc09c30000 - 0x00007ffc09c3c000 	C:\dev\java\sdk\jdk-18.0.2.1\bin\dt_socket.dll
0x00007ffc0e950000 - 0x00007ffc0e98b000 	C:\Windows\SYSTEM32\IPHLPAPI.DLL
0x00007ffc0ecb0000 - 0x00007ffc0ed1a000 	C:\Windows\system32\mswsock.dll
0x00007ffc0e990000 - 0x00007ffc0ea5a000 	C:\Windows\SYSTEM32\DNSAPI.dll
0x00007ffc0fff0000 - 0x00007ffc0fff8000 	C:\Windows\System32\NSI.dll
0x00007ffc07ac0000 - 0x00007ffc07aca000 	C:\Windows\System32\rasadhlp.dll
0x00007ffc03660000 - 0x00007ffc036e2000 	C:\Windows\System32\fwpuclnt.dll
0x00007ffc0f670000 - 0x00007ffc0f697000 	C:\Windows\System32\bcrypt.dll
0x00007ffc00f50000 - 0x00007ffc00f68000 	C:\dev\java\sdk\jdk-18.0.2.1\bin\zip.dll
0x00007ffc0ca30000 - 0x00007ffc0ca43000 	C:\dev\Java\sdk\jdk-18.0.2.1\bin\net.dll
0x00007ffc07730000 - 0x00007ffc0783a000 	C:\Windows\SYSTEM32\WINHTTP.dll
0x00007ffc088d0000 - 0x00007ffc088e6000 	C:\dev\Java\sdk\jdk-18.0.2.1\bin\nio.dll
0x00007ffc0a2c0000 - 0x00007ffc0a2d0000 	C:\dev\java\sdk\jdk-18.0.2.1\bin\verify.dll
0x00007ffbb07d0000 - 0x00007ffbb095e000 	C:\dev\Java\sdk\jdk-18.0.2.1\bin\awt.dll
0x00007ffc11970000 - 0x00007ffc11a3d000 	C:\Windows\System32\OLEAUT32.dll
0x00007ffc0cce0000 - 0x00007ffc0cd71000 	C:\Windows\SYSTEM32\apphelp.dll
0x00007ffc0ce40000 - 0x00007ffc0cede000 	C:\Windows\system32\uxtheme.dll
0x00007ffc10c90000 - 0x00007ffc10da4000 	C:\Windows\System32\MSCTF.dll
0x00007ffc11cc0000 - 0x00007ffc11dea000 	C:\Windows\System32\ole32.dll
0x00007ffc0d2a0000 - 0x00007ffc0d2cf000 	C:\Windows\system32\DWMAPI.DLL
0x00007ffb92de0000 - 0x00007ffb92f05000 	C:\Windows\system32\opengl32.dll
0x00007ffb92b40000 - 0x00007ffb92b6c000 	C:\Windows\SYSTEM32\GLU32.dll
0x00007ffc08af0000 - 0x00007ffc08cbd000 	C:\Windows\system32\d3d9.dll
0x00007ffc03fa0000 - 0x00007ffc04050000 	C:\Windows\System32\DriverStore\FileRepository\nvhm.inf_amd64_4a2f8a62d5686839\nvldumdx.dll
0x00007ffc0f0e0000 - 0x00007ffc0f0f2000 	C:\Windows\SYSTEM32\msasn1.dll
0x00007ffc03f60000 - 0x00007ffc03f91000 	C:\Windows\SYSTEM32\cryptnet.dll
0x00007ffc0f810000 - 0x00007ffc0f96e000 	C:\Windows\System32\CRYPT32.dll
0x00007ffc033c0000 - 0x00007ffc03508000 	C:\Windows\SYSTEM32\drvstore.dll
0x00007ffc0f2a0000 - 0x00007ffc0f2d3000 	C:\Windows\SYSTEM32\devobj.dll
0x00007ffc0fd90000 - 0x00007ffc0fdde000 	C:\Windows\System32\cfgmgr32.dll
0x00007ffc0eec0000 - 0x00007ffc0eecc000 	C:\Windows\SYSTEM32\cryptbase.dll
0x00007ffc0f7a0000 - 0x00007ffc0f807000 	C:\Windows\System32\WINTRUST.DLL
0x00007ffc11880000 - 0x00007ffc1189d000 	C:\Windows\System32\imagehlp.dll
0x00007ffc0eea0000 - 0x00007ffc0eeb8000 	C:\Windows\SYSTEM32\CRYPTSP.dll
0x00007ffc0e550000 - 0x00007ffc0e584000 	C:\Windows\system32\rsaenh.dll
0x00007ffba6ad0000 - 0x00007ffba825c000 	C:\Windows\System32\DriverStore\FileRepository\nvhm.inf_amd64_4a2f8a62d5686839\nvd3dumx.dll
0x00007ffbac5e0000 - 0x00007ffbac8b1000 	C:\Windows\system32\nvspcap64.dll
0x00007ffc0e670000 - 0x00007ffc0e6a3000 	C:\Windows\SYSTEM32\ntmarta.dll
0x00007ffc0dd60000 - 0x00007ffc0dd83000 	C:\Windows\SYSTEM32\gpapi.dll
0x00007ffc03f20000 - 0x00007ffc03f5b000 	C:\Windows\SYSTEM32\dxcore.dll
0x00007ffbc23c0000 - 0x00007ffbc2446000 	C:\dev\Java\sdk\jdk-18.0.2.1\bin\freetype.dll
0x00007ffbc2310000 - 0x00007ffbc23b8000 	C:\dev\Java\sdk\jdk-18.0.2.1\bin\fontmanager.dll
0x00007ffc009b0000 - 0x00007ffc00aaa000 	C:\Windows\SYSTEM32\textinputframework.dll
0x00007ffc0c600000 - 0x00007ffc0c95e000 	C:\Windows\System32\CoreUIComponents.dll
0x00007ffc0cab0000 - 0x00007ffc0cba2000 	C:\Windows\System32\CoreMessaging.dll
0x00007ffc0b180000 - 0x00007ffc0b2d4000 	C:\Windows\SYSTEM32\wintypes.dll
0x00007ffc117d0000 - 0x00007ffc11879000 	C:\Windows\System32\clbcatq.dll
0x00007ffc08210000 - 0x00007ffc083c4000 	C:\Windows\SYSTEM32\WindowsCodecs.dll
0x00007ffbee5a0000 - 0x00007ffbee5de000 	C:\Windows\system32\dataexchange.dll
0x00007ffc0b760000 - 0x00007ffc0b9c3000 	C:\Windows\system32\d3d11.dll
0x00007ffc0c090000 - 0x00007ffc0c273000 	C:\Windows\system32\dcomp.dll
0x00007ffc0ddb0000 - 0x00007ffc0dea3000 	C:\Windows\system32\dxgi.dll
0x00007ffc0a5f0000 - 0x00007ffc0a7f7000 	C:\Windows\system32\twinapi.appcore.dll
0x00007ffc0f400000 - 0x00007ffc0f42e000 	C:\Windows\SYSTEM32\USERENV.dll
0x00007ffc08e00000 - 0x00007ffc08e17000 	C:\Windows\SYSTEM32\dhcpcsvc6.DLL
0x00007ffc08de0000 - 0x00007ffc08dfd000 	C:\Windows\SYSTEM32\dhcpcsvc.DLL

dbghelp: loaded successfully - version: 4.0.5 - missing functions: none
symbol engine: initialized successfully - sym options: 0x614 - pdb path: .;C:\dev\java\sdk\jdk-18.0.2.1\bin;C:\Windows\SYSTEM32;C:\Program Files\Avast Software\Avast;C:\Windows\WinSxS\amd64_microsoft.windows.common-controls_6595b64144ccf1df_6.0.19041.1110_none_60b5254171f9507e;C:\dev\java\sdk\jdk-18.0.2.1\bin\server;C:\Windows\System32\DriverStore\FileRepository\nvhm.inf_amd64_4a2f8a62d5686839

VM Arguments:
jvm_args: -XX:+ShowCodeDetailsInExceptionMessages -agentlib:jdwp=transport=dt_socket,suspend=y,address=localhost:64382 -javaagent:C:\dev\Java\eclipse-2022.06\configuration\org.eclipse.osgi\407\0\.cp\lib\javaagent-shaded.jar -Dfile.encoding=UTF-8 
java_command: be.jossart.windows.Home
java_class_path (initial): C:\Users\Nico\git\ProjectJava2023\NicoJossartProjectJavaAout2023\bin;C:\Users\Nico\git\ProjectJava2023\NicoJossartProjectJavaAout2023\commons-lang3-3.8.1.jar;C:\Users\Nico\git\ProjectJava2023\NicoJossartProjectJavaAout2023\commons-logging-1.2.jar;C:\Users\Nico\git\ProjectJava2023\NicoJossartProjectJavaAout2023\hsqldb-2.5.0.jar;C:\Users\Nico\git\ProjectJava2023\NicoJossartProjectJavaAout2023\jackcess-3.0.1.jar;C:\Users\Nico\git\ProjectJava2023\NicoJossartProjectJavaAout2023\ucanaccess-5.0.1.jar
Launcher Type: SUN_STANDARD

[Global flags]
     intx CICompilerCount                          = 4                                         {product} {ergonomic}
     uint ConcGCThreads                            = 2                                         {product} {ergonomic}
     uint G1ConcRefinementThreads                  = 8                                         {product} {ergonomic}
   size_t G1HeapRegionSize                         = 2097152                                   {product} {ergonomic}
    uintx GCDrainStackTargetSize                   = 64                                        {product} {ergonomic}
   size_t InitialHeapSize                          = 268435456                                 {product} {ergonomic}
   size_t MarkStackSize                            = 4194304                                   {product} {ergonomic}
   size_t MaxHeapSize                              = 4263510016                                {product} {ergonomic}
   size_t MaxNewSize                               = 2556428288                                {product} {ergonomic}
   size_t MinHeapDeltaBytes                        = 2097152                                   {product} {ergonomic}
   size_t MinHeapSize                              = 8388608                                   {product} {ergonomic}
    uintx NonNMethodCodeHeapSize                   = 5839372                                {pd product} {ergonomic}
    uintx NonProfiledCodeHeapSize                  = 122909434                              {pd product} {ergonomic}
    uintx ProfiledCodeHeapSize                     = 122909434                              {pd product} {ergonomic}
    uintx ReservedCodeCacheSize                    = 251658240                              {pd product} {ergonomic}
     bool SegmentedCodeCache                       = true                                      {product} {ergonomic}
     bool ShowCodeDetailsInExceptionMessages       = true                                   {manageable} {command line}
   size_t SoftMaxHeapSize                          = 4263510016                             {manageable} {ergonomic}
     bool UseCompressedClassPointers               = true                           {product lp64_product} {ergonomic}
     bool UseCompressedOops                        = true                           {product lp64_product} {ergonomic}
     bool UseG1GC                                  = true                                      {product} {ergonomic}
     bool UseLargePagesIndividualAllocation        = false                                  {pd product} {ergonomic}

Logging:
Log output configuration:
 #0: stdout all=warning uptime,level,tags foldmultilines=false
 #1: stderr all=off uptime,level,tags foldmultilines=false

Environment Variables:
JAVA_HOME=C:\dev\java\sdk\jdk-18.0.2.1
PATH=C:/dev/java/sdk/jdk-18.0.2.1/bin/server;C:/dev/java/sdk/jdk-18.0.2.1/bin;C:\dev\java\sdk\jdk-18.0.2.1\bin;c:\Program Files\Git\cmd;C:\dev\Java\sdk\jdk-18.0.2.1\bin;C:\app\Nico\product\18.0.0\dbhomeXE\bin;C:\Windows\system32;C:\Windows;C:\Windows\System32\Wbem;C:\Windows\System32\WindowsPowerShell\v1.0\;C:\Windows\System32\OpenSSH\;C:\Program Files\NVIDIA Corporation\NVIDIA NvDLISR;C:\Program Files (x86)\NVIDIA Corporation\PhysX\Common;C:\Program Files\Git\cmd;C:\Program Files\nodejs\;C:\Program Files\Microsoft\Azure Functions Core Tools\;C:\Program Files\Microsoft SQL Server\130\Tools\Binn\;C:\Program Files\Microsoft SQL Server\Client SDK\ODBC\170\Tools\Binn\;C:\Program Files (x86)\Microsoft SQL Server\150\DTS\Binn\;C:\Program Files\Azure Data Studio\bin;C:\Program Files (x86)\Microsoft SQL Server\150\Tools\Binn\;C:\Program Files\Microsoft SQL Server\150\Tools\Binn\;C:\Program Files\Microsoft SQL Server\150\DTS\Binn\;C:\Program Files\dotnet\;C:\Users\Nico\AppData\Local\Microsoft\WindowsApps;;C:\Users\Nico\AppData\Local\Programs\Microsoft VS Code\bin;C:\Users\Nico\AppData\Roaming\npm;C:\Users\Nico\.dotnet\tools;C:\Program Files\Azure Data Studio\bin;C:\Users\Nico\AppData\Local\JetBrains\Toolbox\scripts;C:\Users\Nico\.dotnet\tools;C:\Users\Nico;C:\dev\java\eclipse-2022.06;
USERNAME=Nico
OS=Windows_NT
PROCESSOR_IDENTIFIER=Intel64 Family 6 Model 158 Stepping 10, GenuineIntel



---------------  S Y S T E M  ---------------

OS:
 Windows 10 , 64 bit Build 19041 (10.0.19041.3155)
OS uptime: 1 days 3:27 hours

CPU: total 8 (initial active 8) (4 cores per cpu, 2 threads per core) family 6 model 158 stepping 10 microcode 0xde, cx8, cmov, fxsr, ht, mmx, 3dnowpref, sse, sse2, sse3, ssse3, sse4.1, sse4.2, popcnt, lzcnt, tsc, tscinvbit, avx, avx2, aes, erms, clmul, bmi1, bmi2, adx, fma, vzeroupper, clflush, clflushopt

Memory: 4k page, system-wide physical 16262M (7488M free)
TotalPageFile size 24966M (AvailPageFile size 9125M)
current process WorkingSet (physical memory assigned to process): 140M, peak: 194M
current process commit charge ("private bytes"): 415M, peak: 473M

vm_info: OpenJDK 64-Bit Server VM (18.0.2.1+1-1) for windows-amd64 JRE (18.0.2.1+1-1), built on Aug 16 2022 01:44:29 by "mach5one" with MS VC++ 16.8 / 16.9 (VS2019)

END.
